Usage: java -jar $PILON_HOME/pilon.jar other-options...
Pilon version 1.22 Wed Mar 15 16:38:30 2017 -0400
Genome: /home/erbu6020/erik_burger_genome_analysis/analyses/01_canu_pacbio_assembly/canu_durian_alignment.contigs.fasta
Fixing snps, indels, gaps, local
Input genome size: 37590953
Scanning BAMs
/home/erbu6020/erik_burger_genome_analysis/analyses/03_bwa_illumina_alignment_with_pacbio/bwa_alignment_illumina_sorted.bam: 9148556 reads, 0 filtered, 8929396 mapped, 8203856 proper, 468180 stray, FR 100% 266+/-94, max 548
Processing tig00000002:1-20327
frags /home/erbu6020/erik_burger_genome_analysis/analyses/03_bwa_illumina_alignment_with_pacbio/bwa_alignment_illumina_sorted.bam: coverage 10
Total Reads: 1956, Coverage: 10, minDepth: 5
Confirmed 14677 of 20327 bases (72,20%)
Corrected 4 snps; 0 ambiguous bases; corrected 4 small insertions totaling 4 bases, 0 small deletions totaling 0 bases
Large collapsed region: tig00000002:940-15116 size 14177
# Attempting to fix local continuity breaks
# fix break: tig00000002:1120-1693 0 -0 +0 NoSolution
# fix break: tig00000002:3881-3902 0 -0 +0 NoSolution
# fix break: tig00000002:4123-4200 0 -0 +0 NoSolution
# fix break: tig00000002:5346-5529 0 -0 +0 NoSolution
# fix break: tig00000002:6066-6325 0 -0 +0 NoSolution
# fix break: tig00000002:7579-7582 0 -0 +0 NoSolution
# fix break: tig00000002:9048-9079 0 -0 +0 NoSolution
# fix break: tig00000002:9779-9911 0 -0 +0 NoSolution
# fix break: tig00000002:12420-12730 0 -0 +0 NoSolution
# fix break: tig00000002:13727-13733 0 -0 +0 NoSolution
# fix break: tig00000002:14248-14513 0 -0 +0 NoSolution
tig00000002:1-20327 log:
Finished processing tig00000002:1-20327
Processing tig00000004:1-16467
frags /home/erbu6020/erik_burger_genome_analysis/analyses/03_bwa_illumina_alignment_with_pacbio/bwa_alignment_illumina_sorted.bam: coverage 10
Total Reads: 1730, Coverage: 10, minDepth: 5
Confirmed 11517 of 16467 bases (69,94%)
Corrected 34 snps; 0 ambiguous bases; corrected 2 small insertions totaling 2 bases, 2 small deletions totaling 6 bases
# Attempting to fix local continuity breaks
# fix break: tig00000004:992-2522 0 -0 +0 NoSolution
# fix break: tig00000004:2754-3049 0 -0 +0 NoSolution
# fix break: tig00000004:3277-3683 0 -0 +0 NoSolution
# fix break: tig00000004:3962-4675 0 -0 +0 NoSolution
# fix break: tig00000004:4878-7031 0 -0 +0 NoSolution
# fix break: tig00000004:7247-7663 0 -0 +0 NoSolution
# fix break: tig00000004:8404-8412 0 -0 +0 NoSolution
# fix break: tig00000004:8881-9480 0 -0 +0 NoSolution
# fix break: tig00000004:9799-10258 0 -0 +0 NoSolution
# fix break: tig00000004:11880-11926 0 -0 +0 NoSolution
# fix break: tig00000004:12448-12851 0 -0 +0 NoSolution
# fix break: tig00000004:13494-13781 0 -0 +0 NoSolution
# fix break: tig00000004:14058-14063 0 -0 +0 NoSolution
# fix break: tig00000004:14299-14387 0 -0 +0 NoSolution
tig00000004:1-16467 log:
Finished processing tig00000004:1-16467
Processing tig00000012:1-1808228
frags /home/erbu6020/erik_burger_genome_analysis/analyses/03_bwa_illumina_alignment_with_pacbio/bwa_alignment_illumina_sorted.bam: coverage 25
Total Reads: 403932, Coverage: 25, minDepth: 5
Confirmed 1732571 of 1808228 bases (95,82%)
Corrected 3206 snps; 28 ambiguous bases; corrected 1014 small insertions totaling 2117 bases, 426 small deletions totaling 1944 bases
Large collapsed region: tig00000012:109252-120027 size 10776
Large collapsed region: tig00000012:1023436-1034157 size 10722
Large collapsed region: tig00000012:1434603-1459545 size 24943
# Attempting to fix local continuity breaks
# fix break: tig00000012:6098 0 -0 +0 NoSolution
# fix break: tig00000012:7159-7328 0 -0 +0 NoSolution
# fix break: tig00000012:8405-8638 0 -0 +0 NoSolution
# fix break: tig00000012:13561-13727 0 -0 +0 NoSolution
fix break: tig00000012:15260-15289 15058 -250 +250 BreakFix
# fix break: tig00000012:15946-15975 0 -0 +0 NoSolution
# fix break: tig00000012:16786-16793 0 -0 +0 NoSolution
# fix break: tig00000012:17062-17070 0 -0 +0 NoSolution
# fix break: tig00000012:17402-17406 0 -0 +0 NoSolution
# fix break: tig00000012:21132-21342 0 -0 +0 NoSolution
# fix break: tig00000012:21857 0 -0 +0 NoSolution
fix break: tig00000012:22268-22304 22072 -447 +446 BreakFix
# fix break: tig00000012:23410 0 -0 +0 NoSolution
fix break: tig00000012:26045-26057 25926 -279 +277 BreakFix
# fix break: tig00000012:26330-26876 0 -0 +0 NoSolution
# fix break: tig00000012:27235-27688 0 -0 +0 NoSolution
# fix break: tig00000012:27930-29783 0 -0 +0 NoSolution
# fix break: tig00000012:30366-30370 0 -0 +0 NoSolution
fix break: tig00000012:31329-31391 31271 -234 +235 BreakFix
# fix break: tig00000012:32947-33826 0 -0 +0 NoSolution
# fix break: tig00000012:34070-34071 0 -0 +0 NoSolution
# fix break: tig00000012:34280-34555 0 -0 +0 NoSolution
# fix break: tig00000012:35391-38057 0 -0 +0 NoSolution
# fix break: tig00000012:38262-38910 0 -0 +0 NoSolution
fix break: tig00000012:39172-39390 39246 -281 +281 BreakFix
fix break: tig00000012:39611-40292 39526 -762 +757 BreakFix
# fix break: tig00000012:40535-40827 0 -0 +0 NoSolution
# fix break: tig00000012:42384-42391 0 -0 +0 NoSolution
# fix break: tig00000012:43899-43955 0 -0 +0 NoSolution
# fix break: tig00000012:44827-45090 0 -0 +0 NoSolution
# fix break: tig00000012:47765-47803 0 -0 +0 NoSolution
# fix break: tig00000012:48623-48632 0 -0 +0 NoSolution
# fix break: tig00000012:53464-54288 0 -0 +0 NoSolution
# fix break: tig00000012:56767-56950 0 -0 +0 NoSolution
# fix break: tig00000012:58106-58112 0 -0 +0 NoSolution
# fix break: tig00000012:59840-60104 0 -0 +0 NoSolution
# fix break: tig00000012:60429-60430 0 -0 +0 NoSolution
# fix break: tig00000012:62206-62218 0 -0 +0 NoSolution
# fix break: tig00000012:64269-64411 0 -0 +0 NoSolution
# fix break: tig00000012:67422-67697 0 -0 +0 NoSolution
# fix break: tig00000012:70739-71013 0 -0 +0 NoSolution
# fix break: tig00000012:71406-73384 0 -0 +0 NoSolution
# fix break: tig00000012:73651-73687 0 -0 +0 NoSolution
# fix break: tig00000012:74163-75402 0 -0 +0 NoSolution
# fix break: tig00000012:75928-75946 0 -0 +0 NoSolution
# fix break: tig00000012:76574-77016 0 -0 +0 NoSolution
# fix break: tig00000012:77895-78490 0 -0 +0 NoSolution
# fix break: tig00000012:78885-78993 0 -0 +0 NoSolution
# fix break: tig00000012:79256-79561 0 -0 +0 NoSolution
# fix break: tig00000012:79970-83067 0 -0 +0 NoSolution
# fix break: tig00000012:83380-84711 0 -0 +0 NoSolution
# fix break: tig00000012:87188-87487 0 -0 +0 NoSolution
# fix break: tig00000012:88496-89064 0 -0 +0 NoSolution
# fix break: tig00000012:89281-89450 0 -0 +0 NoSolution
fix break: tig00000012:90760-90863 90793 -10 +51 BreakFix
# fix break: tig00000012:94164-94572 0 -0 +0 NoSolution
fix break: tig00000012:95145-95184 95048 -261 +259 BreakFix
# fix break: tig00000012:95523-96054 0 -0 +0 NoSolution
# fix break: tig00000012:99814-100017 0 -0 +0 NoSolution
# fix break: tig00000012:101511-101963 0 -0 +0 NoSolution
# fix break: tig00000012:104521-104688 0 -0 +0 NoSolution
# fix break: tig00000012:106367-106508 0 -0 +0 NoSolution
# fix break: tig00000012:106949-107070 0 -0 +0 NoSolution
# fix break: tig00000012:107373-107499 0 -0 +0 NoSolution
# fix break: tig00000012:116055-116132 0 -0 +0 NoSolution
# fix break: tig00000012:116578-116683 0 -0 +0 NoSolution TandemRepeat 579
# fix break: tig00000012:116935-116986 0 -0 +0 NoSolution TandemRepeat 579
# fix break: tig00000012:123595-123861 0 -0 +0 NoSolution
# fix break: tig00000012:124271-124640 0 -0 +0 NoSolution
# fix break: tig00000012:125840-126045 0 -0 +0 NoSolution
# fix break: tig00000012:127054-127061 0 -0 +0 NoSolution
# fix break: tig00000012:131043 0 -0 +0 NoSolution
# fix break: tig00000012:135223-135764 0 -0 +0 NoSolution
# fix break: tig00000012:137952-138380 0 -0 +0 NoSolution
# fix break: tig00000012:141526-141946 0 -0 +0 NoSolution
# fix break: tig00000012:144962-145070 0 -0 +0 NoSolution
# fix break: tig00000012:145391-145429 0 -0 +0 NoSolution
# fix break: tig00000012:147556-147683 0 -0 +0 NoSolution
fix break: tig00000012:151797-151812 151797 -17 +0 BreakFix
# fix break: tig00000012:158954 0 -0 +0 NoSolution
# fix break: tig00000012:160426-160497 0 -0 +0 NoSolution
fix break: tig00000012:161611 161503 -109 +106 BreakFix
fix break: tig00000012:162934 162720 -257 +259 BreakFix
fix break: tig00000012:168663-168675 168681 -14 +0 BreakFix
# fix break: tig00000012:169558-169713 0 -0 +0 NoSolution
# fix break: tig00000012:172746-172763 0 -0 +0 NoSolution
# fix break: tig00000012:173618-173620 0 -0 +0 NoSolution
# fix break: tig00000012:176333-176418 0 -0 +0 NoSolution
# fix break: tig00000012:178053-178054 0 -0 +0 NoSolution
# fix break: tig00000012:178618 0 -0 +0 NoSolution
fix break: tig00000012:180736 180763 -41 +41 BreakFix
# fix break: tig00000012:183325-183344 0 -0 +0 NoSolution
# fix break: tig00000012:185090-185359 0 -0 +0 NoSolution
# fix break: tig00000012:193451-193504 0 -0 +0 NoSolution
# fix break: tig00000012:199813-199870 0 -0 +0 NoSolution
# fix break: tig00000012:200476-201163 0 -0 +0 NoSolution TandemRepeat 180
# fix break: tig00000012:201393-201658 0 -0 +0 NoSolution TandemRepeat 180
# fix break: tig00000012:204340-204354 0 -0 +0 NoSolution
# fix break: tig00000012:205562-205722 0 -0 +0 NoSolution
# fix break: tig00000012:207966 0 -0 +0 NoSolution
# fix break: tig00000012:211831-212500 0 -0 +0 NoSolution
fix break: tig00000012:222833-222838 222833 -72 +66 BreakFix
# fix break: tig00000012:224255-224590 0 -0 +0 NoSolution
# fix break: tig00000012:226568-226823 0 -0 +0 NoSolution
# fix break: tig00000012:227860-227861 0 -0 +0 NoSolution
# fix break: tig00000012:229083 0 -0 +0 NoSolution
# fix break: tig00000012:229882-229998 0 -0 +0 NoSolution
fix break: tig00000012:235995-236073 235997 -136 +136 BreakFix
# fix break: tig00000012:239071-239163 0 -0 +0 NoSolution
# fix break: tig00000012:241595-241843 0 -0 +0 NoSolution
fix break: tig00000012:242237-242250 242055 -112 +112 BreakFix
# fix break: tig00000012:246295-246320 0 -0 +0 NoSolution
# fix break: tig00000012:246882 0 -0 +0 NoSolution
# fix break: tig00000012:247635-247766 0 -0 +0 NoSolution
# fix break: tig00000012:248966-249146 0 -0 +0 NoSolution
# fix break: tig00000012:249726 0 -0 +0 NoSolution
fix break: tig00000012:251044-251302 251211 -235 +235 BreakFix
fix break: tig00000012:258434-258496 258436 -61 +46 BreakFix
# fix break: tig00000012:258991-259468 0 -0 +0 NoSolution
fix break: tig00000012:260417-260568 260276 -292 +286 BreakFix
# fix break: tig00000012:261132-261517 0 -0 +0 NoSolution
# fix break: tig00000012:265392-265450 0 -0 +0 NoSolution
# fix break: tig00000012:265875-265938 0 -0 +0 NoSolution
# fix break: tig00000012:267446-267581 0 -0 +0 NoSolution
# fix break: tig00000012:267900-268173 0 -0 +0 NoSolution
# fix break: tig00000012:270887-271307 0 -0 +0 NoSolution
# fix break: tig00000012:273119-273120 0 -0 +0 NoSolution
# fix break: tig00000012:273649 0 -0 +0 NoSolution
# fix break: tig00000012:273935-274101 0 -0 +0 NoSolution
# fix break: tig00000012:274321-274355 0 -0 +0 NoSolution
# fix break: tig00000012:274630-274671 0 -0 +0 NoSolution
# fix break: tig00000012:275090-275252 0 -0 +0 NoSolution
# fix break: tig00000012:275486-276030 0 -0 +0 NoSolution
# fix break: tig00000012:276578 0 -0 +0 NoSolution
# fix break: tig00000012:276847-277310 0 -0 +0 NoSolution
# fix break: tig00000012:277516-278411 0 -0 +0 NoSolution
# fix break: tig00000012:279798-279838 0 -0 +0 NoSolution
# fix break: tig00000012:280122-280223 0 -0 +0 NoSolution
# fix break: tig00000012:280435-280625 0 -0 +0 NoSolution
# fix break: tig00000012:280847-281374 0 -0 +0 NoSolution
# fix break: tig00000012:281615-281901 0 -0 +0 NoSolution
# fix break: tig00000012:282306-282463 0 -0 +0 NoSolution
# fix break: tig00000012:282729-284973 0 -0 +0 NoSolution
# fix break: tig00000012:286066-286540 0 -0 +0 NoSolution
# fix break: tig00000012:287741-288749 0 -0 +0 NoSolution
# fix break: tig00000012:289216-289224 0 -0 +0 NoSolution
# fix break: tig00000012:289755-289893 0 -0 +0 NoSolution
# fix break: tig00000012:290424-290903 0 -0 +0 NoSolution
# fix break: tig00000012:291441-291961 0 -0 +0 NoSolution
# fix break: tig00000012:292297-292483 0 -0 +0 NoSolution
fix break: tig00000012:293563-293586 293357 -97 +96 BreakFix
# fix break: tig00000012:294372 0 -0 +0 NoSolution
# fix break: tig00000012:296087-296237 0 -0 +0 NoSolution
# fix break: tig00000012:297885-297965 0 -0 +0 NoSolution
fix break: tig00000012:298179-298459 298054 -624 +646 BreakFix
# fix break: tig00000012:298763-299060 0 -0 +0 NoSolution
fix break: tig00000012:299493-299500 299279 -222 +224 BreakFix
# fix break: tig00000012:300618-300677 0 -0 +0 NoSolution
# fix break: tig00000012:300934-301204 0 -0 +0 NoSolution
fix break: tig00000012:305274-305289 305055 -235 +220 BreakFix
# fix break: tig00000012:306054 0 -0 +0 NoSolution
# fix break: tig00000012:307564-307703 0 -0 +0 NoSolution
fix break: tig00000012:308948-309057 309015 -82 +82 BreakFix
# fix break: tig00000012:310707-310835 0 -0 +0 NoSolution
# fix break: tig00000012:314080-314085 0 -0 +0 NoSolution
fix break: tig00000012:322349-322461 322462 -54 +55 BreakFix
# fix break: tig00000012:329227 0 -0 +0 NoSolution
fix break: tig00000012:329612-329665 329428 -457 +457 BreakFix
# fix break: tig00000012:329919-330487 0 -0 +0 NoSolution
# fix break: tig00000012:331377-331387 0 -0 +0 NoSolution
# fix break: tig00000012:332655-332679 0 -0 +0 NoSolution
# fix break: tig00000012:335615-335654 0 -0 +0 NoSolution
fix break: tig00000012:342411-342438 342204 -446 +437 BreakFix
# fix break: tig00000012:350773 0 -0 +0 NoSolution
fix break: tig00000012:351282-351302 351138 -25 +24 BreakFix
# fix break: tig00000012:353086-353279 0 -0 +0 NoSolution
# fix break: tig00000012:354738-355264 0 -0 +0 NoSolution
# fix break: tig00000012:355720-355721 0 -0 +0 NoSolution
# fix break: tig00000012:355976-356737 0 -0 +0 NoSolution
# fix break: tig00000012:356997-358619 0 -0 +0 NoSolution
# fix break: tig00000012:359804-359923 0 -0 +0 NoSolution
fix break: tig00000012:360175-360523 360051 -649 +662 BreakFix
# fix break: tig00000012:362040-362684 0 -0 +0 NoSolution
# fix break: tig00000012:363095-363756 0 -0 +0 NoSolution
# fix break: tig00000012:364894-364994 0 -0 +0 NoSolution
# fix break: tig00000012:375513-375680 0 -0 +0 NoSolution
# fix break: tig00000012:376678-376865 0 -0 +0 NoSolution
# fix break: tig00000012:377094-377521 0 -0 +0 NoSolution
# fix break: tig00000012:378069-378147 0 -0 +0 NoSolution
# fix break: tig00000012:378578-379053 0 -0 +0 NoSolution
# fix break: tig00000012:379346-379575 0 -0 +0 NoSolution
# fix break: tig00000012:380001-380025 0 -0 +0 NoSolution
# fix break: tig00000012:380263-380280 0 -0 +0 NoSolution
# fix break: tig00000012:381040-381073 0 -0 +0 NoSolution
# fix break: tig00000012:389008-389252 0 -0 +0 NoSolution
fix break: tig00000012:390620-390640 390620 -3 +11 BreakFix
# fix break: tig00000012:395636-395804 0 -0 +0 NoSolution
fix break: tig00000012:397709-397896 397666 -315 +316 BreakFix
# fix break: tig00000012:398308-398821 0 -0 +0 NoSolution
# fix break: tig00000012:405108-405164 0 -0 +0 NoSolution
# fix break: tig00000012:405994-406893 0 -0 +0 NoSolution
# fix break: tig00000012:407163-407546 0 -0 +0 NoSolution
fix break: tig00000012:409621-409819 409691 -273 +273 BreakFix
# fix break: tig00000012:411559-411795 0 -0 +0 NoSolution
# fix break: tig00000012:415108-415258 0 -0 +0 NoSolution
fix break: tig00000012:416629-416637 416612 -106 +96 BreakFix
# fix break: tig00000012:419616-419848 0 -0 +0 NoSolution
# fix break: tig00000012:420315 0 -0 +0 NoSolution
# fix break: tig00000012:420581 0 -0 +0 NoSolution
fix break: tig00000012:426538 426417 -108 +108 BreakFix
fix break: tig00000012:427501-427566 427399 -363 +370 BreakFix
# fix break: tig00000012:429783-430004 0 -0 +0 NoSolution
# fix break: tig00000012:431813-432008 0 -0 +0 NoSolution
# fix break: tig00000012:433101-433523 0 -0 +0 NoSolution
# fix break: tig00000012:435153-435451 0 -0 +0 NoSolution
# fix break: tig00000012:436423-436439 0 -0 +0 NoSolution
# fix break: tig00000012:436646-437056 0 -0 +0 NoSolution
# fix break: tig00000012:440273 0 -0 +0 NoSolution
# fix break: tig00000012:441210-441215 0 -0 +0 NoSolution
# fix break: tig00000012:441669-441735 0 -0 +0 NoSolution
# fix break: tig00000012:444037-444041 0 -0 +0 NoSolution TandemRepeat 96
# fix break: tig00000012:444353-444368 0 -0 +0 NoSolution TandemRepeat 96
# fix break: tig00000012:445833-446731 0 -0 +0 NoSolution
# fix break: tig00000012:447435 0 -0 +0 NoSolution
# fix break: tig00000012:447685-447883 0 -0 +0 NoSolution
fix break: tig00000012:448669-449333 448627 -442 +441 BreakFix
fix break: tig00000012:450273-450545 450297 -456 +456 BreakFix
fix break: tig00000012:450757-450826 450752 -82 +82 BreakFix
# fix break: tig00000012:451842-452032 0 -0 +0 NoSolution
fix break: tig00000012:453164-453217 452970 -341 +341 BreakFix
fix break: tig00000012:453515-453518 453304 -371 +372 BreakFix
fix break: tig00000012:454239-454369 454221 -359 +360 BreakFix
fix break: tig00000012:457684-457792 457504 -398 +398 BreakFix
fix break: tig00000012:458414 458317 -284 +284 BreakFix
# fix break: tig00000012:463083-463294 0 -0 +0 NoSolution
# fix break: tig00000012:466584 0 -0 +0 NoSolution
# fix break: tig00000012:466913-467167 0 -0 +0 NoSolution
# fix break: tig00000012:468139-468439 0 -0 +0 NoSolution
fix break: tig00000012:469487-469594 469453 -129 +129 BreakFix
# fix break: tig00000012:470036-470045 0 -0 +0 NoSolution
# fix break: tig00000012:483376-483593 0 -0 +0 NoSolution
# fix break: tig00000012:484138-484242 0 -0 +0 NoSolution
# fix break: tig00000012:485273 0 -0 +0 NoSolution
# fix break: tig00000012:485478-485806 0 -0 +0 NoSolution
# fix break: tig00000012:486978-487340 0 -0 +0 NoSolution
# fix break: tig00000012:489896-490117 0 -0 +0 NoSolution
# fix break: tig00000012:492031-492100 0 -0 +0 NoSolution
fix break: tig00000012:493587 493587 -165 +172 BreakFix
fix break: tig00000012:494431-495067 494304 -441 +441 BreakFix
# fix break: tig00000012:497407-497413 0 -0 +0 NoSolution
# fix break: tig00000012:499996 0 -0 +0 NoSolution
# fix break: tig00000012:500897-501157 0 -0 +0 NoSolution
# fix break: tig00000012:501929-501949 0 -0 +0 NoSolution
# fix break: tig00000012:502249-502469 0 -0 +0 NoSolution
# fix break: tig00000012:505694-505695 0 -0 +0 NoSolution
# fix break: tig00000012:514914-515009 0 -0 +0 NoSolution
# fix break: tig00000012:515450-516216 0 -0 +0 NoSolution
# fix break: tig00000012:516683-516693 0 -0 +0 NoSolution
fix break: tig00000012:518782-518916 518917 -35 +0 BreakFix
# fix break: tig00000012:520247-520337 0 -0 +0 NoSolution
# fix break: tig00000012:524596-524799 0 -0 +0 NoSolution
fix break: tig00000012:526513 526513 -93 +96 BreakFix
# fix break: tig00000012:527486-527597 0 -0 +0 NoSolution
# fix break: tig00000012:528154-528166 0 -0 +0 NoSolution
# fix break: tig00000012:528798-529375 0 -0 +0 NoSolution
# fix break: tig00000012:530150-530207 0 -0 +0 NoSolution
# fix break: tig00000012:530540-530551 0 -0 +0 NoSolution
fix break: tig00000012:531590 531546 -87 +87 BreakFix
# fix break: tig00000012:532308-532312 0 -0 +0 NoSolution
# fix break: tig00000012:533930 0 -0 +0 NoSolution
# fix break: tig00000012:534854-534966 0 -0 +0 NoSolution
fix break: tig00000012:536343-536494 536216 -55 +60 BreakFix
# fix break: tig00000012:538394-538758 0 -0 +0 NoSolution
# fix break: tig00000012:539942 0 -0 +0 NoSolution
fix break: tig00000012:541839-541850 541826 -231 +244 BreakFix
# fix break: tig00000012:542074-542075 0 -0 +0 NoSolution
# fix break: tig00000012:546163-546176 0 -0 +0 NoSolution
# fix break: tig00000012:548299-548304 0 -0 +0 NoSolution
# fix break: tig00000012:548889-549315 0 -0 +0 NoSolution
# fix break: tig00000012:549709-549767 0 -0 +0 NoSolution
# fix break: tig00000012:550207-550539 0 -0 +0 NoSolution
fix break: tig00000012:551829-551906 551942 -23 +23 BreakFix
# fix break: tig00000012:552450-552610 0 -0 +0 NoSolution
# fix break: tig00000012:553010-553284 0 -0 +0 NoSolution
# fix break: tig00000012:554777-555164 0 -0 +0 NoSolution
# fix break: tig00000012:555804-555816 0 -0 +0 NoSolution
# fix break: tig00000012:593722-593741 0 -0 +0 NoSolution
# fix break: tig00000012:595793-596069 0 -0 +0 NoSolution
fix break: tig00000012:597362 597237 -183 +183 BreakFix
# fix break: tig00000012:600048-600100 0 -0 +0 NoSolution
# fix break: tig00000012:600362-600385 0 -0 +0 NoSolution
# fix break: tig00000012:603066-603074 0 -0 +0 NoSolution
fix break: tig00000012:603383-603486 603256 -435 +420 BreakFix
# fix break: tig00000012:603744-604009 0 -0 +0 NoSolution
# fix break: tig00000012:605377-605389 0 -0 +0 NoSolution
# fix break: tig00000012:605638-605646 0 -0 +0 NoSolution
fix break: tig00000012:606411-606681 606347 -545 +377 BreakFix
# fix break: tig00000012:607777-608342 0 -0 +0 NoSolution
fix break: tig00000012:609430 609435 -163 +160 BreakFix
# fix break: tig00000012:610467-610476 0 -0 +0 NoSolution
# fix break: tig00000012:612757-613084 0 -0 +0 NoSolution
# fix break: tig00000012:613490-613491 0 -0 +0 NoSolution
# fix break: tig00000012:617780-617944 0 -0 +0 NoSolution
# fix break: tig00000012:629527-629529 0 -0 +0 NoSolution
# fix break: tig00000012:631329-631850 0 -0 +0 NoSolution TandemRepeat 185
# fix break: tig00000012:632237-632631 0 -0 +0 NoSolution TandemRepeat 185
# fix break: tig00000012:632859-633189 0 -0 +0 NoSolution
# fix break: tig00000012:634702 0 -0 +0 NoSolution
# fix break: tig00000012:641957-642288 0 -0 +0 NoSolution
# fix break: tig00000012:642730-642963 0 -0 +0 NoSolution
fix break: tig00000012:646020 645933 -14 +13 BreakFix
fix break: tig00000012:648723-648954 648812 -147 +147 BreakFix
# fix break: tig00000012:649476-649479 0 -0 +0 NoSolution
# fix break: tig00000012:650387 0 -0 +0 NoSolution
# fix break: tig00000012:651628-651636 0 -0 +0 NoSolution
# fix break: tig00000012:652570-652590 0 -0 +0 NoSolution
fix break: tig00000012:654886-654890 654767 -178 +173 BreakFix
# fix break: tig00000012:655567-656618 0 -0 +0 NoSolution
fix break: tig00000012:660993-661047 660862 -375 +373 BreakFix
# fix break: tig00000012:661970-662411 0 -0 +0 NoSolution
# fix break: tig00000012:666075-666086 0 -0 +0 NoSolution
fix break: tig00000012:668241-668275 668187 -76 +75 BreakFix
# fix break: tig00000012:669005-669089 0 -0 +0 NoSolution
# fix break: tig00000012:669371-669851 0 -0 +0 NoSolution
# fix break: tig00000012:670204-671036 0 -0 +0 NoSolution
# fix break: tig00000012:674271-674275 0 -0 +0 NoSolution
# fix break: tig00000012:674676-675312 0 -0 +0 NoSolution
fix break: tig00000012:676775-676776 676783 -144 +145 BreakFix
# fix break: tig00000012:678758-679781 0 -0 +0 NoSolution
# fix break: tig00000012:680367-680390 0 -0 +0 NoSolution
# fix break: tig00000012:681458-681739 0 -0 +0 NoSolution
# fix break: tig00000012:682547-682800 0 -0 +0 NoSolution
fix break: tig00000012:685316-685392 685280 -288 +288 BreakFix
fix break: tig00000012:685928-686708 686128 -628 +628 BreakFix
fix break: tig00000012:687063-687229 687088 -103 +103 BreakFix
# fix break: tig00000012:692281-692970 0 -0 +0 NoSolution
# fix break: tig00000012:698414-699505 0 -0 +0 NoSolution
fix break: tig00000012:702562-704521 703395 -1270 +1270 BreakFix
# fix break: tig00000012:705211-706483 0 -0 +0 NoSolution
# fix break: tig00000012:706931-707132 0 -0 +0 NoSolution
# fix break: tig00000012:709832-710141 0 -0 +0 NoSolution
# fix break: tig00000012:713736-713891 0 -0 +0 NoSolution
# fix break: tig00000012:714739 0 -0 +0 NoSolution
# fix break: tig00000012:716834-716925 0 -0 +0 NoSolution
# fix break: tig00000012:724855-725088 0 -0 +0 NoSolution
# fix break: tig00000012:727282-727607 0 -0 +0 NoSolution
# fix break: tig00000012:727838-728370 0 -0 +0 NoSolution
fix break: tig00000012:728989-729253 728845 -332 +333 BreakFix
# fix break: tig00000012:729621-730365 0 -0 +0 NoSolution
# fix break: tig00000012:730882-731215 0 -0 +0 NoSolution
# fix break: tig00000012:731809-732533 0 -0 +0 NoSolution
# fix break: tig00000012:732839-733345 0 -0 +0 NoSolution
# fix break: tig00000012:733702-733954 0 -0 +0 NoSolution
# fix break: tig00000012:734158-734965 0 -0 +0 NoSolution
# fix break: tig00000012:735178-735318 0 -0 +0 NoSolution
# fix break: tig00000012:736606-736661 0 -0 +0 NoSolution
# fix break: tig00000012:739996 0 -0 +0 NoSolution
# fix break: tig00000012:740476-740526 0 -0 +0 NoSolution
# fix break: tig00000012:740738-741150 0 -0 +0 NoSolution
# fix break: tig00000012:741503-741883 0 -0 +0 NoSolution
# fix break: tig00000012:744929-744933 0 -0 +0 NoSolution
# fix break: tig00000012:745272-745674 0 -0 +0 NoSolution
fix break: tig00000012:745949 745841 -126 +125 BreakFix
# fix break: tig00000012:746574-748562 0 -0 +0 NoSolution
# fix break: tig00000012:748886-749305 0 -0 +0 NoSolution
# fix break: tig00000012:749592 0 -0 +0 NoSolution
# fix break: tig00000012:749997-750095 0 -0 +0 NoSolution
# fix break: tig00000012:751021-751175 0 -0 +0 NoSolution
# fix break: tig00000012:752164-752244 0 -0 +0 NoSolution
# fix break: tig00000012:754386-754412 0 -0 +0 NoSolution
# fix break: tig00000012:755829-755871 0 -0 +0 NoSolution
fix break: tig00000012:757276-757320 757143 -397 +397 BreakFix
# fix break: tig00000012:758089-758981 0 -0 +0 NoSolution
fix break: tig00000012:765253-765376 765055 -458 +458 BreakFix
# fix break: tig00000012:766006-766022 0 -0 +0 NoSolution
# fix break: tig00000012:766342-766697 0 -0 +0 NoSolution
fix break: tig00000012:769949-769968 769878 -263 +263 BreakFix
fix break: tig00000012:773276-773343 773066 -249 +231 BreakFix
fix break: tig00000012:774013-774080 773860 -72 +72 BreakFix
# fix break: tig00000012:774476-774734 0 -0 +0 NoSolution
# fix break: tig00000012:775425-775619 0 -0 +0 NoSolution
# fix break: tig00000012:776066-776341 0 -0 +0 NoSolution
# fix break: tig00000012:778311-778555 0 -0 +0 NoSolution
# fix break: tig00000012:779696-779713 0 -0 +0 NoSolution
# fix break: tig00000012:784556-784599 0 -0 +0 NoSolution
# fix break: tig00000012:786205-786232 0 -0 +0 NoSolution TandemRepeat 174
# fix break: tig00000012:789463-789499 0 -0 +0 NoSolution
# fix break: tig00000012:793180-793200 0 -0 +0 NoSolution
# fix break: tig00000012:794154 0 -0 +0 NoSolution
# fix break: tig00000012:796350 0 -0 +0 NoSolution
# fix break: tig00000012:796969-797070 0 -0 +0 NoSolution
# fix break: tig00000012:798270-798736 0 -0 +0 NoSolution
fix break: tig00000012:799687-799859 799514 -387 +387 BreakFix
# fix break: tig00000012:803660 0 -0 +0 NoSolution
# fix break: tig00000012:805950-806151 0 -0 +0 NoSolution
fix break: tig00000012:806426-806803 806255 -304 +305 BreakFix
# fix break: tig00000012:820587-820772 0 -0 +0 NoSolution
# fix break: tig00000012:821226-821228 0 -0 +0 NoSolution
# fix break: tig00000012:835758-835789 0 -0 +0 NoSolution
# fix break: tig00000012:838139-838141 0 -0 +0 NoSolution
fix break: tig00000012:851686-851708 851501 -63 +63 BreakFix
# fix break: tig00000012:854427-854538 0 -0 +0 NoSolution
fix break: tig00000012:855492-855733 855387 -411 +414 BreakFix
# fix break: tig00000012:860676-860710 0 -0 +0 NoSolution
# fix break: tig00000012:861880-861890 0 -0 +0 NoSolution TandemRepeat 61
# fix break: tig00000012:862195-862196 0 -0 +0 NoSolution TandemRepeat 61
# fix break: tig00000012:869067-869091 0 -0 +0 NoSolution
fix break: tig00000012:869379-869385 869340 -207 +213 BreakFix
# fix break: tig00000012:869774-869776 0 -0 +0 NoSolution
# fix break: tig00000012:870352-870418 0 -0 +0 NoSolution
# fix break: tig00000012:872253 0 -0 +0 NoSolution
# fix break: tig00000012:873087-873255 0 -0 +0 NoSolution
# fix break: tig00000012:873726-874047 0 -0 +0 NoSolution
# fix break: tig00000012:875704-875816 0 -0 +0 NoSolution
# fix break: tig00000012:876667-877051 0 -0 +0 NoSolution
# fix break: tig00000012:880553-880829 0 -0 +0 NoSolution
# fix break: tig00000012:881319-881439 0 -0 +0 NoSolution
# fix break: tig00000012:884980-885011 0 -0 +0 NoSolution
# fix break: tig00000012:886478-886955 0 -0 +0 NoSolution
# fix break: tig00000012:887298 0 -0 +0 NoSolution
# fix break: tig00000012:887547-887759 0 -0 +0 NoSolution
# fix break: tig00000012:888067 0 -0 +0 NoSolution
# fix break: tig00000012:888363-888865 0 -0 +0 NoSolution
# fix break: tig00000012:889209-889257 0 -0 +0 NoSolution
# fix break: tig00000012:890621-890665 0 -0 +0 NoSolution
# fix break: tig00000012:892318-892420 0 -0 +0 NoSolution
# fix break: tig00000012:900044-900153 0 -0 +0 NoSolution
fix break: tig00000012:900834-901001 900724 -317 +316 BreakFix
# fix break: tig00000012:901693-901983 0 -0 +0 NoSolution
# fix break: tig00000012:902482-902591 0 -0 +0 NoSolution
# fix break: tig00000012:909718-910054 0 -0 +0 NoSolution
# fix break: tig00000012:911943-912048 0 -0 +0 NoSolution
# fix break: tig00000012:912823-912824 0 -0 +0 NoSolution
# fix break: tig00000012:913448-913461 0 -0 +0 NoSolution
# fix break: tig00000012:914701-914793 0 -0 +0 NoSolution
fix break: tig00000012:917023-917025 916993 -37 +15 BreakFix
# fix break: tig00000012:917429-917434 0 -0 +0 NoSolution
# fix break: tig00000012:920603-920727 0 -0 +0 NoSolution
fix break: tig00000012:922243-922250 922060 -256 +256 BreakFix
# fix break: tig00000012:923674-923980 0 -0 +0 NoSolution
# fix break: tig00000012:925638-925692 0 -0 +0 NoSolution
fix break: tig00000012:930712-930721 930723 -12 +0 BreakFix
fix break: tig00000012:942075-942176 942265 -37 +38 BreakFix
# fix break: tig00000012:942846-942851 0 -0 +0 NoSolution
fix break: tig00000012:948183-948293 948175 -64 +64 BreakFix
# fix break: tig00000012:950941-950950 0 -0 +0 NoSolution
fix break: tig00000012:951157-951178 951154 -66 +66 BreakFix
# fix break: tig00000012:952437-952448 0 -0 +0 NoSolution
# fix break: tig00000012:954963-955559 0 -0 +0 NoSolution
# fix break: tig00000012:955990-956008 0 -0 +0 NoSolution
# fix break: tig00000012:957550-957802 0 -0 +0 NoSolution
fix break: tig00000012:961492-961740 961296 -397 +397 BreakFix
# fix break: tig00000012:964421-964754 0 -0 +0 NoSolution
# fix break: tig00000012:965509-965741 0 -0 +0 NoSolution
fix break: tig00000012:970226-970283 970122 -51 +51 BreakFix
# fix break: tig00000012:972344 0 -0 +0 NoSolution
# fix break: tig00000012:972570-972844 0 -0 +0 NoSolution
# fix break: tig00000012:975926-976262 0 -0 +0 NoSolution
# fix break: tig00000012:980416-980478 0 -0 +0 NoSolution
fix break: tig00000012:984938-985197 984791 -392 +392 BreakFix
# fix break: tig00000012:987081-988153 0 -0 +0 NoSolution
fix break: tig00000012:990094-990207 990284 -60 +60 BreakFix
# fix break: tig00000012:992159-992338 0 -0 +0 NoSolution
# fix break: tig00000012:992557-992929 0 -0 +0 NoSolution
# fix break: tig00000012:993230-994096 0 -0 +0 NoSolution
# fix break: tig00000012:994798-994875 0 -0 +0 NoSolution
# fix break: tig00000012:996165-997303 0 -0 +0 NoSolution
# fix break: tig00000012:997939-998670 0 -0 +0 NoSolution
# fix break: tig00000012:999964-999982 0 -0 +0 NoSolution
# fix break: tig00000012:1000985-1001025 0 -0 +0 NoSolution
# fix break: tig00000012:1001690-1004617 0 -0 +0 NoSolution
# fix break: tig00000012:1004924-1004929 0 -0 +0 NoSolution
# fix break: tig00000012:1006126-1006208 0 -0 +0 NoSolution
# fix break: tig00000012:1006943-1007018 0 -0 +0 NoSolution
# fix break: tig00000012:1008139-1008541 0 -0 +0 NoSolution
fix break: tig00000012:1009351-1009446 1009351 -224 +133 BreakFix
fix break: tig00000012:1014402-1014447 1014290 -79 +76 BreakFix
# fix break: tig00000012:1015634-1015735 0 -0 +0 NoSolution
# fix break: tig00000012:1016445-1016986 0 -0 +0 NoSolution
# fix break: tig00000012:1018986-1019394 0 -0 +0 NoSolution
# fix break: tig00000012:1023270-1023290 0 -0 +0 NoSolution
fix break: tig00000012:1024525-1024928 1024563 -281 +281 BreakFix
fix break: tig00000012:1033499-1033960 1033481 -288 +288 BreakFix
# fix break: tig00000012:1044002-1044124 0 -0 +0 NoSolution
# fix break: tig00000012:1044422-1044475 0 -0 +0 NoSolution
# fix break: tig00000012:1045488-1046229 0 -0 +0 NoSolution
fix break: tig00000012:1046823-1046958 1046662 -391 +388 BreakFix
# fix break: tig00000012:1047897 0 -0 +0 NoSolution
# fix break: tig00000012:1049218-1049635 0 -0 +0 NoSolution
# fix break: tig00000012:1055471-1055473 0 -0 +0 NoSolution
# fix break: tig00000012:1056449-1057185 0 -0 +0 NoSolution
# fix break: tig00000012:1057451-1058064 0 -0 +0 NoSolution
# fix break: tig00000012:1059762-1060166 0 -0 +0 NoSolution
# fix break: tig00000012:1061026-1061226 0 -0 +0 NoSolution
# fix break: tig00000012:1062267-1062297 0 -0 +0 NoSolution
# fix break: tig00000012:1063111-1063825 0 -0 +0 NoSolution
# fix break: tig00000012:1065568-1065709 0 -0 +0 NoSolution
# fix break: tig00000012:1067995-1068011 0 -0 +0 NoSolution
# fix break: tig00000012:1069189-1069191 0 -0 +0 NoSolution
# fix break: tig00000012:1069470 0 -0 +0 NoSolution
# fix break: tig00000012:1069708-1069888 0 -0 +0 NoSolution
# fix break: tig00000012:1071123-1071134 0 -0 +0 NoSolution
# fix break: tig00000012:1071415-1071416 0 -0 +0 NoSolution
# fix break: tig00000012:1072207-1072866 0 -0 +0 NoSolution
# fix break: tig00000012:1073118-1073784 0 -0 +0 NoSolution
fix break: tig00000012:1074298 1074277 -214 +214 BreakFix
fix break: tig00000012:1074532-1075389 1074490 -1035 +1035 BreakFix
# fix break: tig00000012:1076137-1076613 0 -0 +0 NoSolution
# fix break: tig00000012:1076901-1077139 0 -0 +0 NoSolution
# fix break: tig00000012:1077561-1077920 0 -0 +0 NoSolution
fix break: tig00000012:1079306-1079370 1079187 -315 +315 BreakFix
# fix break: tig00000012:1080840-1081072 0 -0 +0 NoSolution
# fix break: tig00000012:1081383-1081509 0 -0 +0 NoSolution
# fix break: tig00000012:1082805-1083087 0 -0 +0 NoSolution
# fix break: tig00000012:1083384-1083745 0 -0 +0 NoSolution
# fix break: tig00000012:1084110-1084120 0 -0 +0 NoSolution
# fix break: tig00000012:1085566-1085750 0 -0 +0 NoSolution
# fix break: tig00000012:1086014-1086110 0 -0 +0 NoSolution
# fix break: tig00000012:1089856-1090006 0 -0 +0 NoSolution
# fix break: tig00000012:1090240-1090265 0 -0 +0 NoSolution
# fix break: tig00000012:1091526-1091693 0 -0 +0 NoSolution
# fix break: tig00000012:1094397-1094782 0 -0 +0 NoSolution
# fix break: tig00000012:1097574-1097842 0 -0 +0 NoSolution
# fix break: tig00000012:1098482 0 -0 +0 NoSolution
fix break: tig00000012:1105033-1105271 1105019 -373 +374 BreakFix
fix break: tig00000012:1106314-1106510 1106098 -153 +153 BreakFix
fix break: tig00000012:1109459 1109573 -73 +73 BreakFix
# fix break: tig00000012:1111378-1111508 0 -0 +0 NoSolution
# fix break: tig00000012:1111814-1111934 0 -0 +0 NoSolution
# fix break: tig00000012:1112210-1112586 0 -0 +0 NoSolution
fix break: tig00000012:1113210-1113879 1113300 -659 +657 BreakFix
# fix break: tig00000012:1114260-1114396 0 -0 +0 NoSolution
# fix break: tig00000012:1119146-1119790 0 -0 +0 NoSolution
# fix break: tig00000012:1120066-1120837 0 -0 +0 NoSolution
# fix break: tig00000012:1122184-1122210 0 -0 +0 NoSolution
# fix break: tig00000012:1124215 0 -0 +0 NoSolution
# fix break: tig00000012:1126633-1126808 0 -0 +0 NoSolution
fix break: tig00000012:1128842-1129295 1128889 -577 +578 BreakFix
# fix break: tig00000012:1136464-1136629 0 -0 +0 NoSolution
# fix break: tig00000012:1140860-1140981 0 -0 +0 NoSolution
# fix break: tig00000012:1144575-1144832 0 -0 +0 NoSolution
# fix break: tig00000012:1146346-1146625 0 -0 +0 NoSolution
# fix break: tig00000012:1150767-1150798 0 -0 +0 NoSolution TandemRepeat 2
# fix break: tig00000012:1152067-1152312 0 -0 +0 NoSolution
# fix break: tig00000012:1152942-1152976 0 -0 +0 NoSolution
fix break: tig00000012:1157172-1157192 1157088 -317 +318 BreakFix
/var/spool/slurmd/job13543796/slurm_script: rad 21: 10829 Dödad                  java -Xmx16G -jar $PILON_HOME/pilon.jar --genome /home/erbu6020/erik_burger_genome_analysis/analyses/01_canu_pacbio_assembly/canu_durian_alignment.contigs.fasta --frags /home/erbu6020/erik_burger_genome_analysis/analyses/03_bwa_illumina_alignment_with_pacbio/bwa_alignment_illumina_sorted.bam --output pilon_assembly --outdir /home/erbu6020/erik_burger_genome_analysis/analyses/04_pilon_assembly/
slurmstepd: error: Detected 1 oom-kill event(s) in step 13543796.batch cgroup. Some of your processes may have been killed by the cgroup out-of-memory handler.
